<?xml version="1.0" encoding="UTF-8"?>
<!-- Generated by org.testng.reporters.JUnitReportReporter -->
<testsuite hostname="Rubaiyats-MacBook-Air.local" failures="0" tests="11" name="Selenium.wpDarkModeAuto" time="7.566" errors="0" timestamp="2023-09-23T15:22:32 BDT" skipped="0">
  <testcase classname="Selenium.wpDarkModeAuto" name="urlCheck" time="0.009"/>
  <system-out/>
  <testcase classname="Selenium.wpDarkModeAuto" name="loggingIn" time="0.917"/>
  <system-out/>
  <testcase classname="Selenium.wpDarkModeAuto" name="activateWpDarkMode" time="0.455"/>
  <system-out/>
  <testcase classname="Selenium.wpDarkModeAuto" name="enableBackendDarkMode" time="1.342"/>
  <system-out/>
  <testcase classname="Selenium.wpDarkModeAuto" name="checkDarkMode" time="0.019"/>
  <system-out/>
  <testcase classname="Selenium.wpDarkModeAuto" name="floatingSwitchStyle" time="0.705"/>
  <system-out/>
  <testcase classname="Selenium.wpDarkModeAuto" name="floatingSwitchSize" time="0.989"/>
  <system-out/>
  <testcase classname="Selenium.wpDarkModeAuto" name="switchPosition" time="0.634"/>
  <system-out/>
  <testcase classname="Selenium.wpDarkModeAuto" name="disableKeyboardShortcut" time="0.680"/>
  <system-out/>
  <testcase classname="Selenium.wpDarkModeAuto" name="toggleDarkmodeAnimation" time="1.230"/>
  <system-out/>
  <testcase classname="Selenium.wpDarkModeAuto" name="checkFrontend" time="0.586"/>
  <system-out/>
</testsuite> <!-- Selenium.wpDarkModeAuto -->
