<?xml version="1.0" encoding="UTF-8"?>
<!-- Generated by org.testng.reporters.JUnitReportReporter -->
<testsuite hostname="Rubaiyats-MacBook-Air.local" failures="0" tests="4" name="Selenium.wpDarkModeAuto" time="2.707" errors="0" timestamp="2023-09-23T09:30:29 BDT" skipped="0">
  <testcase classname="Selenium.wpDarkModeAuto" name="urlCheck" time="0.008"/>
  <system-out/>
  <testcase classname="Selenium.wpDarkModeAuto" name="loggingIn" time="1.014"/>
  <system-out/>
  <testcase classname="Selenium.wpDarkModeAuto" name="activateWpDarkMode" time="0.490"/>
  <system-out/>
  <testcase classname="Selenium.wpDarkModeAuto" name="enableBackendDarkMode" time="1.195"/>
  <system-out/>
</testsuite> <!-- Selenium.wpDarkModeAuto -->
